<?xml version="1.0" encoding="UTF-8"?>
<!-- Generated by org.testng.reporters.JUnitReportReporter -->
<testsuite hostname="TYP1784" failures="1" tests="1" name="Assertion.DWS" time="6.806" errors="0" timestamp="2023-02-22T15:03:40 IST" skipped="0">
  <testcase classname="Assertion.DWS" name="Register" time="6.806">
    <failure message="The following asserts failed:
	emailTextFeild should accepts valid data expected [nersha1278@gmail.com] but found [[[ChromeDriver: chrome on WINDOWS (310ca9bd0cd6d833b288b656ddfbf638)] -&gt; id: Email]],
	Password Text feild should accepts avalid data expected [rasader@45] but found [[[ChromeDriver: chrome on WINDOWS (310ca9bd0cd6d833b288b656ddfbf638)] -&gt; id: Password]],
	Confirm Password Text feild should accepts avalid data expected [rasader@45] but found [[[ChromeDriver: chrome on WINDOWS (310ca9bd0cd6d833b288b656ddfbf638)] -&gt; id: ConfirmPassword]]" type="java.lang.AssertionError">
      <![CDATA[java.lang.AssertionError: The following asserts failed:
emailTextFeild should accepts valid data expected [nersha1278@gmail.com] but found [[[ChromeDriver: chrome on WINDOWS (310ca9bd0cd6d833b288b656ddfbf638)] -> id: Email]],
Password Text feild should accepts avalid data expected [rasader@45] but found [[[ChromeDriver: chrome on WINDOWS (310ca9bd0cd6d833b288b656ddfbf638)] -> id: Password]],
Confirm Password Text feild should accepts avalid data expected [rasader@45] but found [[[ChromeDriver: chrome on WINDOWS (310ca9bd0cd6d833b288b656ddfbf638)] -> id: ConfirmPassword]]
at org.testng.asserts.SoftAssert.assertAll(SoftAssert.java:47)
at org.testng.asserts.SoftAssert.assertAll(SoftAssert.java:31)
at Assertion.DWS.Register(DWS.java:85)
at java.base/jdk.internal.reflect.NativeMethodAccessorImpl.invoke0(Native Method)
at java.base/jdk.internal.reflect.NativeMethodAccessorImpl.invoke(NativeMethodAccessorImpl.java:77)
at java.base/jdk.internal.reflect.DelegatingMethodAccessorImpl.invoke(DelegatingMethodAccessorImpl.java:43)
at java.base/java.lang.reflect.Method.invoke(Method.java:568)
at org.testng.internal.MethodInvocationHelper.invokeMethod(MethodInvocationHelper.java:132)
at org.testng.internal.TestInvoker.invokeMethod(TestInvoker.java:599)
at org.testng.internal.TestInvoker.invokeTestMethod(TestInvoker.java:174)
at org.testng.internal.MethodRunner.runInSequence(MethodRunner.java:46)
at org.testng.internal.TestInvoker$MethodInvocationAgent.invoke(TestInvoker.java:822)
at org.testng.internal.TestInvoker.invokeTestMethods(TestInvoker.java:147)
at org.testng.internal.TestMethodWorker.invokeTestMethods(TestMethodWorker.java:146)
at org.testng.internal.TestMethodWorker.run(TestMethodWorker.java:128)
at java.base/java.util.ArrayList.forEach(ArrayList.java:1511)
at org.testng.TestRunner.privateRun(TestRunner.java:764)
at org.testng.TestRunner.run(TestRunner.java:585)
at org.testng.SuiteRunner.runTest(SuiteRunner.java:384)
at org.testng.SuiteRunner.runSequentially(SuiteRunner.java:378)
at org.testng.SuiteRunner.privateRun(SuiteRunner.java:337)
at org.testng.SuiteRunner.run(SuiteRunner.java:286)
at org.testng.SuiteRunnerWorker.runSuite(SuiteRunnerWorker.java:53)
at org.testng.SuiteRunnerWorker.run(SuiteRunnerWorker.java:96)
at org.testng.TestNG.runSuitesSequentially(TestNG.java:1218)
at org.testng.TestNG.runSuitesLocally(TestNG.java:1140)
at org.testng.TestNG.runSuites(TestNG.java:1069)
at org.testng.TestNG.run(TestNG.java:1037)
at org.testng.remote.AbstractRemoteTestNG.run(AbstractRemoteTestNG.java:115)
at org.testng.remote.RemoteTestNG.initAndRun(RemoteTestNG.java:251)
at org.testng.remote.RemoteTestNG.main(RemoteTestNG.java:77)
]]>
    </failure>
  </testcase> <!-- Register -->
  <system-out>
Bwoser Launched Successfully FirstName text feild entered sucessfully lastName text feild entered sucessfully Email is entered successfully Password entered successfully  Confirm Password entered successfully  RegisterButton clicked  successfully  </system-out>
</testsuite> <!-- Assertion.DWS -->
